# JRE version: OpenJDK Runtime Environment (17.0.13+11) (build 17.0.13+11-Ubuntu-2ubuntu122.04)
# Java VM: OpenJDK 64-Bit Server VM (17.0.13+11-Ubuntu-2ubuntu122.04, mixed mode, sharing, tiered, compressed oops, compressed class ptrs, g1 gc, linux-aarch64)
GC Precious Log:
 CPUs: 5 total, 5 available
 Memory: 7851M
 Large Page Support: Disabled
 NUMA Support: Disabled
 Compressed Oops: Enabled (32-bit)
 Heap Region Size: 1M
 Heap Min Capacity: 8M
 Heap Initial Capacity: 124M
 Heap Max Capacity: 1964M
 Pre-touch: Disabled
 Parallel Workers: 5
 Concurrent Workers: 1
 Concurrent Refinement Workers: 5
 Periodic GC: Disabled
Heap:
 garbage-first heap   total 212992K, used 71941K [0x0000000085400000, 0x0000000100000000)
  region size 1024K, 27 young (27648K), 5 survivors (5120K)
 Metaspace       used 67800K, committed 84608K, reserved 1114112K
  class space    used 17222K, committed 22848K, reserved 1048576K
GC Heap History (20 events):
Event: 3.571 GC heap before
{Heap before GC invocations=25 (full 0):
 garbage-first heap   total 182272K, used 126072K [0x0000000085400000, 0x0000000100000000)
  region size 1024K, 106 young (108544K), 6 survivors (6144K)
 Metaspace       used 40824K, committed 50944K, reserved 1114112K
  class space    used 11458K, committed 14784K, reserved 1048576K
}
Event: 3.575 GC heap after
{Heap after GC invocations=26 (full 0):
 garbage-first heap   total 182272K, used 25924K [0x0000000085400000, 0x0000000100000000)
  region size 1024K, 8 young (8192K), 8 survivors (8192K)
 Metaspace       used 40824K, committed 50944K, reserved 1114112K
  class space    used 11458K, committed 14784K, reserved 1048576K
}
Event: 3.757 GC heap before
{Heap before GC invocations=26 (full 0):
 garbage-first heap   total 182272K, used 126276K [0x0000000085400000, 0x0000000100000000)
  region size 1024K, 106 young (108544K), 8 survivors (8192K)
 Metaspace       used 42822K, committed 53568K, reserved 1114112K
  class space    used 11924K, committed 15424K, reserved 1048576K
}
Event: 3.764 GC heap after
{Heap after GC invocations=27 (full 0):
 garbage-first heap   total 219136K, used 31574K [0x0000000085400000, 0x0000000100000000)
  region size 1024K, 13 young (13312K), 13 survivors (13312K)
 Metaspace       used 42822K, committed 53568K, reserved 1114112K
  class space    used 11924K, committed 15424K, reserved 1048576K
}
Event: 3.976 GC heap before
{Heap before GC invocations=27 (full 0):
 garbage-first heap   total 219136K, used 149334K [0x0000000085400000, 0x0000000100000000)
  region size 1024K, 128 young (131072K), 13 survivors (13312K)
 Metaspace       used 45558K, committed 57344K, reserved 1114112K
  class space    used 12680K, committed 16640K, reserved 1048576K
}
Event: 3.981 GC heap after
{Heap after GC invocations=28 (full 0):
 garbage-first heap   total 219136K, used 33279K [0x0000000085400000, 0x0000000100000000)
  region size 1024K, 10 young (10240K), 10 survivors (10240K)
 Metaspace       used 45558K, committed 57344K, reserved 1114112K
  class space    used 12680K, committed 16640K, reserved 1048576K
}
Event: 4.190 GC heap before
{Heap before GC invocations=28 (full 0):
 garbage-first heap   total 219136K, used 114175K [0x0000000085400000, 0x0000000100000000)
  region size 1024K, 90 young (92160K), 10 survivors (10240K)
 Metaspace       used 47780K, committed 60480K, reserved 1114112K
  class space    used 13213K, committed 17472K, reserved 1048576K
}
Event: 4.195 GC heap after
{Heap after GC invocations=29 (full 0):
 garbage-first heap   total 219136K, used 34771K [0x0000000085400000, 0x0000000100000000)
  region size 1024K, 9 young (9216K), 9 survivors (9216K)
 Metaspace       used 47780K, committed 60480K, reserved 1114112K
  class space    used 13213K, committed 17472K, reserved 1048576K
}
Event: 4.444 GC heap before
{Heap before GC invocations=30 (full 0):
 garbage-first heap   total 171008K, used 153555K [0x0000000085400000, 0x0000000100000000)
  region size 1024K, 126 young (129024K), 9 survivors (9216K)
 Metaspace       used 49487K, committed 62912K, reserved 1114112K
  class space    used 13636K, committed 18176K, reserved 1048576K
}
Event: 4.451 GC heap after
{Heap after GC invocations=31 (full 0):
 garbage-first heap   total 177152K, used 44803K [0x0000000085400000, 0x0000000100000000)
  region size 1024K, 14 young (14336K), 14 survivors (14336K)
 Metaspace       used 49487K, committed 62912K, reserved 1114112K
  class space    used 13636K, committed 18176K, reserved 1048576K
}
Event: 4.613 GC heap before
{Heap before GC invocations=31 (full 0):
 garbage-first heap   total 177152K, used 135939K [0x0000000085400000, 0x0000000100000000)
  region size 1024K, 103 young (105472K), 14 survivors (14336K)
 Metaspace       used 50921K, committed 64960K, reserved 1114112K
  class space    used 14055K, committed 18752K, reserved 1048576K
}
Event: 4.617 GC heap after
{Heap after GC invocations=32 (full 0):
 garbage-first heap   total 177152K, used 37540K [0x0000000085400000, 0x0000000100000000)
  region size 1024K, 2 young (2048K), 2 survivors (2048K)
 Metaspace       used 50921K, committed 64960K, reserved 1114112K
  class space    used 14055K, committed 18752K, reserved 1048576K
}
Event: 4.981 GC heap before
{Heap before GC invocations=32 (full 0):
 garbage-first heap   total 177152K, used 140964K [0x0000000085400000, 0x0000000100000000)
  region size 1024K, 103 young (105472K), 2 survivors (2048K)
 Metaspace       used 60531K, committed 75264K, reserved 1114112K
  class space    used 15565K, committed 20480K, reserved 1048576K
}
Event: 4.986 GC heap after
{Heap after GC invocations=33 (full 0):
 garbage-first heap   total 212992K, used 42511K [0x0000000085400000, 0x0000000100000000)
  region size 1024K, 7 young (7168K), 7 survivors (7168K)
 Metaspace       used 60531K, committed 75264K, reserved 1114112K
  class space    used 15565K, committed 20480K, reserved 1048576K
}
Event: 5.217 GC heap before
{Heap before GC invocations=33 (full 0):
 garbage-first heap   total 212992K, used 161295K [0x0000000085400000, 0x0000000100000000)
  region size 1024K, 124 young (126976K), 7 survivors (7168K)
 Metaspace       used 62773K, committed 77824K, reserved 1114112K
  class space    used 15962K, committed 20992K, reserved 1048576K
}
Event: 5.222 GC heap after
{Heap after GC invocations=34 (full 0):
 garbage-first heap   total 212992K, used 53151K [0x0000000085400000, 0x0000000100000000)
  region size 1024K, 16 young (16384K), 16 survivors (16384K)
 Metaspace       used 62773K, committed 77824K, reserved 1114112K
  class space    used 15962K, committed 20992K, reserved 1048576K
}
Event: 5.369 GC heap before
{Heap before GC invocations=34 (full 0):
 garbage-first heap   total 212992K, used 163743K [0x0000000085400000, 0x0000000100000000)
  region size 1024K, 124 young (126976K), 16 survivors (16384K)
 Metaspace       used 65162K, committed 81088K, reserved 1114112K
  class space    used 16537K, committed 21888K, reserved 1048576K
}
Event: 5.375 GC heap after
{Heap after GC invocations=35 (full 0):
 garbage-first heap   total 212992K, used 51837K [0x0000000085400000, 0x0000000100000000)
  region size 1024K, 6 young (6144K), 6 survivors (6144K)
 Metaspace       used 65162K, committed 81088K, reserved 1114112K
  class space    used 16537K, committed 21888K, reserved 1048576K
}
Event: 5.570 GC heap before
{Heap before GC invocations=35 (full 0):
 garbage-first heap   total 212992K, used 166525K [0x0000000085400000, 0x0000000100000000)
  region size 1024K, 118 young (120832K), 6 survivors (6144K)
 Metaspace       used 67136K, committed 83904K, reserved 1114112K
  class space    used 17154K, committed 22784K, reserved 1048576K
}
Event: 5.573 GC heap after
{Heap after GC invocations=36 (full 0):
 garbage-first heap   total 212992K, used 50437K [0x0000000085400000, 0x0000000100000000)
  region size 1024K, 5 young (5120K), 5 survivors (5120K)
 Metaspace       used 67136K, committed 83904K, reserved 1114112K
  class space    used 17154K, committed 22784K, reserved 1048576K
}

